<?xml version="1.0" encoding="UTF-8"?>
<!-- Generated by org.testng.reporters.JUnitXMLReporter -->
<testsuite ignored="1" hostname="Bhavani" failures="0" tests="5" name="Default test" time="0.107" errors="0" timestamp="2025-11-30T16:24:46 IST">
  <testcase classname="org.dwsapp.genericlibrary.BasicConfig" name="@BeforeClass browserSetup" time="-1.764500086453E9">
    <failure type="org.testng.TestNGException" message="
Parameter &amp;apos;url&amp;apos; is required by BeforeClass on method browserSetup but has not been marked @Optional or defined
in C:\Users\bhavanigarrepalli\AppData\Local\Temp\testng-eclipse--751008810\testng-customsuite.xml">
      <![CDATA[org.testng.TestNGException: 
Parameter 'url' is required by BeforeClass on method browserSetup but has not been marked @Optional or defined
in C:\Users\bhavanigarrepalli\AppData\Local\Temp\testng-eclipse--751008810\testng-customsuite.xml
at org.testng.internal.Parameters.createParams(Parameters.java:264)
at org.testng.internal.Parameters.createParametersForMethod(Parameters.java:352)
at org.testng.internal.Parameters.createParameters(Parameters.java:690)
at org.testng.internal.Parameters.createConfigurationParameters(Parameters.java:163)
at org.testng.internal.invokers.ConfigInvoker.invokeConfigurations(ConfigInvoker.java:313)
at org.testng.internal.invokers.TestMethodWorker.invokeBeforeClassMethods(TestMethodWorker.java:188)
at org.testng.internal.invokers.TestMethodWorker.run(TestMethodWorker.java:128)
at java.base/java.util.ArrayList.forEach(ArrayList.java:1596)
at org.testng.TestRunner.privateRun(TestRunner.java:741)
at org.testng.TestRunner.run(TestRunner.java:616)
at org.testng.SuiteRunner.runTest(SuiteRunner.java:421)
at org.testng.SuiteRunner.runSequentially(SuiteRunner.java:413)
at org.testng.SuiteRunner.privateRun(SuiteRunner.java:373)
at org.testng.SuiteRunner.run(SuiteRunner.java:312)
at org.testng.SuiteRunnerWorker.runSuite(SuiteRunnerWorker.java:52)
at org.testng.SuiteRunnerWorker.run(SuiteRunnerWorker.java:95)
at org.testng.TestNG.runSuitesSequentially(TestNG.java:1274)
at org.testng.TestNG.runSuitesLocally(TestNG.java:1208)
at org.testng.TestNG.runSuites(TestNG.java:1112)
at org.testng.TestNG.run(TestNG.java:1079)
at org.testng.remote.AbstractRemoteTestNG.run(AbstractRemoteTestNG.java:115)
at org.testng.remote.RemoteTestNG.initAndRun(RemoteTestNG.java:293)
at org.testng.remote.RemoteTestNG.main(RemoteTestNG.java:91)
]]>
    </failure>
  </testcase> <!-- @BeforeClass browserSetup -->
  <testcase classname="org.dwsapp.genericlibrary.BasicConfig" name="@BeforeMethod login" time="0.0">
    <skipped/>
  </testcase> <!-- @BeforeMethod login -->
  <testcase classname="org.dwsapp.genericlibrary.BasicConfig" name="@AfterMethod logout" time="0.0">
    <skipped/>
  </testcase> <!-- @AfterMethod logout -->
  <testcase classname="org.dwsapp.genericlibrary.BasicConfig" name="@BeforeMethod login" time="0.0">
    <skipped/>
  </testcase> <!-- @BeforeMethod login -->
  <testcase classname="org.dwsapp.genericlibrary.BasicConfig" name="@AfterMethod logout" time="0.0">
    <skipped/>
  </testcase> <!-- @AfterMethod logout -->
  <testcase classname="org.dwsapp.genericlibrary.BasicConfig" name="@BeforeMethod login" time="0.0">
    <skipped/>
  </testcase> <!-- @BeforeMethod login -->
  <testcase classname="org.dwsapp.genericlibrary.BasicConfig" name="@AfterMethod logout" time="0.0">
    <skipped/>
  </testcase> <!-- @AfterMethod logout -->
  <testcase classname="org.dwsapp.genericlibrary.BasicConfig" name="@BeforeMethod login" time="0.0">
    <skipped/>
  </testcase> <!-- @BeforeMethod login -->
  <testcase classname="org.dwsapp.genericlibrary.BasicConfig" name="@AfterMethod logout" time="0.0">
    <skipped/>
  </testcase> <!-- @AfterMethod logout -->
  <testcase classname="org.dwsapp.genericlibrary.BasicConfig" name="@BeforeMethod login" time="0.0">
    <skipped/>
  </testcase> <!-- @BeforeMethod login -->
  <testcase classname="org.dwsapp.genericlibrary.BasicConfig" name="@AfterMethod logout" time="0.0">
    <skipped/>
  </testcase> <!-- @AfterMethod logout -->
  <testcase classname="org.dwsapp.genericlibrary.BasicConfig" name="@AfterClass browserTerminate" time="0.0">
    <skipped/>
  </testcase> <!-- @AfterClass browserTerminate -->
  <testcase classname="org.dwsapp.allproductstest.ProductTest" name="Book_HealthBookTest" time="0.0">
    <skipped/>
  </testcase> <!-- Book_HealthBookTest -->
  <testcase classname="org.dwsapp.allproductstest.ProductTest" name="Computers_accessoriesTest" time="0.0">
    <skipped/>
  </testcase> <!-- Computers_accessoriesTest -->
  <testcase classname="org.dwsapp.allproductstest.ProductTest" name="Computers_desktopTest" time="0.001">
    <skipped/>
  </testcase> <!-- Computers_desktopTest -->
  <testcase classname="org.dwsapp.allproductstest.ProductTest" name="Electronics_cellphonesTest" time="0.0">
    <skipped/>
  </testcase> <!-- Electronics_cellphonesTest -->
  <testcase classname="org.dwsapp.allproductstest.ProductTest" name="Computers_notebooksTest" time="0.0">
    <skipped/>
  </testcase> <!-- Computers_notebooksTest -->
  <testcase classname="org.dwsapp.allproductstest.ProductTest" name="Electronics_CameraAndPhotoTest" time="0.0">
    <ignored/>
  </testcase> <!-- Electronics_CameraAndPhotoTest -->
</testsuite> <!-- Default test -->
