<?xml version="1.0" encoding="UTF-8"?>
<!-- Generated by org.testng.reporters.JUnitReportReporter -->
<testsuite hostname="Bhavani" failures="0" tests="6" name="org.dwsapp.allproductstest.ProductTest" time="84.981" errors="1" timestamp="2025-12-02T18:19:07 IST" skipped="1">
  <testcase classname="org.dwsapp.allproductstest.ProductTest" name="Book_HealthBookTest" time="19.120">
    <error message="stale element reference: stale element not found
  (Session info: chrome=142.0.7444.176)
For documentation on this error, please visit: https://www.selenium.dev/documentation/webdriver/troubleshooting/errors#staleelementreferenceexception
Build info: version: &#039;4.38.0&#039;, revision: &#039;6b412e825c*&#039;
System info: os.name: &#039;Windows 11&#039;, os.arch: &#039;amd64&#039;, os.version: &#039;10.0&#039;, java.version: &#039;21.0.8&#039;
Driver info: org.openqa.selenium.chrome.ChromeDriver
Command: [843aa29a34605da2f32c466b67188923, clickElement {id=f.071A22C95E0CA106880B9C82D2A82608.d.F6CDB460FF6041D4197A1A59B0E70560.e.135}]
Capabilities {acceptInsecureCerts: false, browserName: chrome, browserVersion: 142.0.7444.176, chrome: {chromedriverVersion: 142.0.7444.175 (302067f14a4..., userDataDir: C:\Users\BHAVAN~1\AppData\L...}, fedcm:accounts: true, goog:chromeOptions: {debuggerAddress: localhost:60268}, goog:processID: 23956, networkConnectionEnabled: false, pageLoadStrategy: normal, platformName: windows, proxy: Proxy(), se:cdp: ws://localhost:60268/devtoo..., se:cdpVersion: 142.0.7444.176, setWindowRect: true, strictFileInteractability: false, timeouts: {implicit: 0, pageLoad: 300000, script: 30000}, unhandledPromptBehavior: dismiss and notify, webauthn:extension:credBlob: true, webauthn:extension:largeBlob: true, webauthn:extension:minPinLength: true, webauthn:extension:prf: true, webauthn:virtualAuthenticators: true}
Element: [[ChromeDriver: chrome on windows (843aa29a34605da2f32c466b67188923)] -&gt; xpath: //input[@value=&#039;Continue&#039;]]
Session ID: 843aa29a34605da2f32c466b67188923" type="org.openqa.selenium.StaleElementReferenceException">
      <![CDATA[org.openqa.selenium.StaleElementReferenceException: stale element reference: stale element not found
  (Session info: chrome=142.0.7444.176)
For documentation on this error, please visit: https://www.selenium.dev/documentation/webdriver/troubleshooting/errors#staleelementreferenceexception
Build info: version: '4.38.0', revision: '6b412e825c*'
System info: os.name: 'Windows 11', os.arch: 'amd64', os.version: '10.0', java.version: '21.0.8'
Driver info: org.openqa.selenium.chrome.ChromeDriver
Command: [843aa29a34605da2f32c466b67188923, clickElement {id=f.071A22C95E0CA106880B9C82D2A82608.d.F6CDB460FF6041D4197A1A59B0E70560.e.135}]
Capabilities {acceptInsecureCerts: false, browserName: chrome, browserVersion: 142.0.7444.176, chrome: {chromedriverVersion: 142.0.7444.175 (302067f14a4..., userDataDir: C:\Users\BHAVAN~1\AppData\L...}, fedcm:accounts: true, goog:chromeOptions: {debuggerAddress: localhost:60268}, goog:processID: 23956, networkConnectionEnabled: false, pageLoadStrategy: normal, platformName: windows, proxy: Proxy(), se:cdp: ws://localhost:60268/devtoo..., se:cdpVersion: 142.0.7444.176, setWindowRect: true, strictFileInteractability: false, timeouts: {implicit: 0, pageLoad: 300000, script: 30000}, unhandledPromptBehavior: dismiss and notify, webauthn:extension:credBlob: true, webauthn:extension:largeBlob: true, webauthn:extension:minPinLength: true, webauthn:extension:prf: true, webauthn:virtualAuthenticators: true}
Element: [[ChromeDriver: chrome on windows (843aa29a34605da2f32c466b67188923)] -> xpath: //input[@value='Continue']]
Session ID: 843aa29a34605da2f32c466b67188923
at java.base/jdk.internal.reflect.DirectConstructorHandleAccessor.newInstance(DirectConstructorHandleAccessor.java:62)
at java.base/java.lang.reflect.Constructor.newInstanceWithCaller(Constructor.java:502)
at java.base/java.lang.reflect.Constructor.newInstance(Constructor.java:486)
at org.openqa.selenium.remote.ErrorCodec.decode(ErrorCodec.java:167)
at org.openqa.selenium.remote.codec.w3c.W3CHttpResponseCodec.decode(W3CHttpResponseCodec.java:138)
at org.openqa.selenium.remote.codec.w3c.W3CHttpResponseCodec.decode(W3CHttpResponseCodec.java:50)
at org.openqa.selenium.remote.HttpCommandExecutor.execute(HttpCommandExecutor.java:215)
at org.openqa.selenium.remote.service.DriverCommandExecutor.invokeExecute(DriverCommandExecutor.java:216)
at org.openqa.selenium.remote.service.DriverCommandExecutor.execute(DriverCommandExecutor.java:174)
at org.openqa.selenium.remote.RemoteWebDriver.execute(RemoteWebDriver.java:557)
at org.openqa.selenium.remote.RemoteWebElement.execute(RemoteWebElement.java:223)
at org.openqa.selenium.remote.RemoteWebElement.click(RemoteWebElement.java:76)
at java.base/jdk.internal.reflect.DirectMethodHandleAccessor.invoke(DirectMethodHandleAccessor.java:103)
at java.base/java.lang.reflect.Method.invoke(Method.java:580)
at org.openqa.selenium.support.pagefactory.internal.LocatingElementHandler.invoke(LocatingElementHandler.java:51)
at jdk.proxy2/jdk.proxy2.$Proxy21.click(Unknown Source)
at org.dwsapp.genericlibrary.WebDriverLibrary.clickOnElement(WebDriverLibrary.java:69)
at org.dwsapp.allproductstest.ProductTest.Book_HealthBookTest(ProductTest.java:218)
at java.base/jdk.internal.reflect.DirectMethodHandleAccessor.invoke(DirectMethodHandleAccessor.java:103)
at java.base/java.lang.reflect.Method.invoke(Method.java:580)
at org.testng.internal.invokers.MethodInvocationHelper.invokeMethod(MethodInvocationHelper.java:141)
at org.testng.internal.invokers.TestInvoker.invokeMethod(TestInvoker.java:687)
at org.testng.internal.invokers.TestInvoker.invokeTestMethod(TestInvoker.java:230)
at org.testng.internal.invokers.MethodRunner.runInSequence(MethodRunner.java:63)
at org.testng.internal.invokers.TestInvoker$MethodInvocationAgent.invoke(TestInvoker.java:995)
at org.testng.internal.invokers.TestInvoker.invokeTestMethods(TestInvoker.java:203)
at org.testng.internal.invokers.TestMethodWorker.invokeTestMethods(TestMethodWorker.java:154)
at org.testng.internal.invokers.TestMethodWorker.run(TestMethodWorker.java:134)
at java.base/java.util.ArrayList.forEach(ArrayList.java:1596)
at org.testng.TestRunner.privateRun(TestRunner.java:741)
at org.testng.TestRunner.run(TestRunner.java:616)
at org.testng.SuiteRunner.runTest(SuiteRunner.java:421)
at org.testng.SuiteRunner.runSequentially(SuiteRunner.java:413)
at org.testng.SuiteRunner.privateRun(SuiteRunner.java:373)
at org.testng.SuiteRunner.run(SuiteRunner.java:312)
at org.testng.SuiteRunnerWorker.runSuite(SuiteRunnerWorker.java:52)
at org.testng.SuiteRunnerWorker.run(SuiteRunnerWorker.java:95)
at org.testng.TestNG.runSuitesSequentially(TestNG.java:1274)
at org.testng.TestNG.runSuitesLocally(TestNG.java:1208)
at org.testng.TestNG.runSuites(TestNG.java:1112)
at org.testng.TestNG.run(TestNG.java:1079)
at org.testng.remote.AbstractRemoteTestNG.run(AbstractRemoteTestNG.java:115)
at org.testng.remote.RemoteTestNG.initAndRun(RemoteTestNG.java:293)
at org.testng.remote.RemoteTestNG.main(RemoteTestNG.java:91)
]]>
    </error>
    <system-out>
      <![CDATA[SearchBox validated successfully
SearchData - book entered successfully
SearchButton successfully clicked
Book added to cart successfully
Clicked on Shopping Cart
terms and Condition checkbox selected
Checkout button selected
Billing Address Continue button clicked
Shipping Address Continue button selected
Shipping Method Continue Button
Payment Method Continue Button
Payment Info Continue Button
Confirm order Button]]>
    </system-out>
  </testcase> <!-- Book_HealthBookTest -->
  <testcase classname="org.dwsapp.allproductstest.ProductTest" name="Computers_accessoriesTest" time="17.328">
    <system-out>
      <![CDATA[Clicked on Computer Header
Clicked on Accessories Header
Accessories added to cart
Clicked on Shopping Cart
terms and Condition checkbox selected
Checkout button selected
Billing Address Continue button clicked
Shipping Address Continue button selected
Shipping Method Continue Button
Payment Method Continue Button
Payment Info Continue Button
Confirm order Button
ComputerTest - Accessories - verified]]>
    </system-out>
  </testcase> <!-- Computers_accessoriesTest -->
  <testcase classname="org.dwsapp.allproductstest.ProductTest" name="Computers_desktopTest" time="16.877">
    <system-out>
      <![CDATA[Clicked on Computer Header
Clicked on Desktop Header
Desktop added to cart
Clicked on Shopping Cart
terms and Condition checkbox selected
Checkout button selected
Billing Address Continue button clicked
Shipping Address Continue button selected
Shipping Method Continue Button
Payment Method Continue Button
Payment Info Continue Button
Confirm order Button
ComputerTest - Desktops - verified]]>
    </system-out>
  </testcase> <!-- Computers_desktopTest -->
  <testcase classname="org.dwsapp.allproductstest.ProductTest" name="Electronics_cellphonesTest" time="13.721">
    <system-out>
      <![CDATA[Clicked on Electronics Header
Clicked on Cellphone Header
Cellphone added to cart
Clicked on Shopping Cart
terms and Condition checkbox selected
Checkout button selected
Billing Address Continue button clicked
Shipping Address Continue button selected
Shipping Method Continue Button
Payment Method Continue Button
Payment Info Continue Button
Confirm order Button
ElectronicsTest - Cellphones - verified]]>
    </system-out>
  </testcase> <!-- Electronics_cellphonesTest -->
  <testcase classname="org.dwsapp.allproductstest.ProductTest" name="Computers_notebooksTest" time="17.935">
    <system-out>
      <![CDATA[Clicked on Computer Header
clicked on notebooks header
NoteBook added to cart
Clicked on Shopping Cart
terms and Condition checkbox selected
Checkout button selected
Billing Address Continue button clicked
Shipping Address Continue button selected
Shipping Method Continue Button
Payment Method Continue Button
Payment Info Continue Button
Confirm order Button
ComputerTest - NoteBooks - verified]]>
    </system-out>
  </testcase> <!-- Computers_notebooksTest -->
  <testcase classname="org.dwsapp.allproductstest.ProductTest" name="Electronics_CameraAndPhotoTest">
    <skipped/>
  </testcase> <!-- Electronics_CameraAndPhotoTest -->
  <system-out>
    <![CDATA[Browser Setup Success
Login success
SearchBox validated successfully
SearchData - book entered successfully
SearchButton successfully clicked
Book added to cart successfully
Clicked on Shopping Cart
terms and Condition checkbox selected
Checkout button selected
Billing Address Continue button clicked
Shipping Address Continue button selected
Shipping Method Continue Button
Payment Method Continue Button
Payment Info Continue Button
Confirm order Button
Logout success
Login success
Clicked on Computer Header
Clicked on Accessories Header
Accessories added to cart
Clicked on Shopping Cart
terms and Condition checkbox selected
Checkout button selected
Billing Address Continue button clicked
Shipping Address Continue button selected
Shipping Method Continue Button
Payment Method Continue Button
Payment Info Continue Button
Confirm order Button
ComputerTest - Accessories - verified
Logout success
Login success
Clicked on Computer Header
Clicked on Desktop Header
Desktop added to cart
Clicked on Shopping Cart
terms and Condition checkbox selected
Checkout button selected
Billing Address Continue button clicked
Shipping Address Continue button selected
Shipping Method Continue Button
Payment Method Continue Button
Payment Info Continue Button
Confirm order Button
ComputerTest - Desktops - verified
Logout success
Login success
Clicked on Electronics Header
Clicked on Cellphone Header
Cellphone added to cart
Clicked on Shopping Cart
terms and Condition checkbox selected
Checkout button selected
Billing Address Continue button clicked
Shipping Address Continue button selected
Shipping Method Continue Button
Payment Method Continue Button
Payment Info Continue Button
Confirm order Button
ElectronicsTest - Cellphones - verified
Logout success
Login success
Clicked on Computer Header
clicked on notebooks header
NoteBook added to cart
Clicked on Shopping Cart
terms and Condition checkbox selected
Checkout button selected
Billing Address Continue button clicked
Shipping Address Continue button selected
Shipping Method Continue Button
Payment Method Continue Button
Payment Info Continue Button
Confirm order Button
ComputerTest - NoteBooks - verified
Logout success
Browser Terminate Success]]>
  </system-out>
</testsuite> <!-- org.dwsapp.allproductstest.ProductTest -->
