<?xml version="1.0" encoding="UTF-8"?>
<!-- Generated by org.testng.reporters.JUnitReportReporter -->
<testsuite hostname="Bhavani" failures="0" tests="3" name="org.dwsapp.producttest.ComputerTest" time="18.164" errors="0" timestamp="2025-11-22T17:53:51 IST" skipped="0">
  <testcase classname="org.dwsapp.producttest.ComputerTest" name="notebooks" time="5.495">
    <system-out>
      <![CDATA[ComputerTest - NoteBooks - verified]]>
    </system-out>
  </testcase> <!-- notebooks -->
  <testcase classname="org.dwsapp.producttest.ComputerTest" name="accessories" time="6.974">
    <system-out>
      <![CDATA[ComputerTest - Accessories - verified]]>
    </system-out>
  </testcase> <!-- accessories -->
  <testcase classname="org.dwsapp.producttest.ComputerTest" name="desktops" time="5.695">
    <system-out>
      <![CDATA[ComputerTest - Desktops - verified]]>
    </system-out>
  </testcase> <!-- desktops -->
  <system-out>
    <![CDATA[Browser Setup Success
Login success
ComputerTest - NoteBooks - verified
Logout success
Login success
ComputerTest - Accessories - verified
Logout success
Login success
ComputerTest - Desktops - verified
Logout success
Browser Terminate Success
Browser Setup Success
Login success
Logout success
Browser Terminate Success
Browser Setup Success
Login success
Logout success
Login success
ElectronicsTest - Camera and photo - verified
Logout success
Browser Terminate Success]]>
  </system-out>
</testsuite> <!-- org.dwsapp.producttest.ComputerTest -->
