<?xml version="1.0" encoding="UTF-8"?>
<!-- Generated by org.testng.reporters.JUnitReportReporter -->
<testsuite hostname="Bhavani" failures="0" tests="1" name="org.dwsapp.allproductstest.ProductTest" time="20.689" errors="0" timestamp="2025-11-25T16:57:24 IST" skipped="0">
  <testcase classname="org.dwsapp.allproductstest.ProductTest" name="Book_HealthBookTest" time="20.689">
    <system-out>
      <![CDATA[SearchBox validated successfully
SearchData - book entered successfully
SearchButton successfully clicked
Book added to cart successfully
Clicked on Shopping Cart
terms and Condition checkbox selected
Checkout button selected
Step 11: Billing Address Continue button clicked
Shipping Address Continue button selected
Shipping Method Continue Button
Payment Method Continue Button
Payment Info Continue Button
Confirm order Button
BookTest - HealthBook - verified]]>
    </system-out>
  </testcase> <!-- Book_HealthBookTest -->
  <system-out>
    <![CDATA[Browser Setup Success
Login success
SearchBox validated successfully
SearchData - book entered successfully
SearchButton successfully clicked
Book added to cart successfully
Clicked on Shopping Cart
terms and Condition checkbox selected
Checkout button selected
Step 11: Billing Address Continue button clicked
Shipping Address Continue button selected
Shipping Method Continue Button
Payment Method Continue Button
Payment Info Continue Button
Confirm order Button
BookTest - HealthBook - verified
Logout success
Browser Terminate Success]]>
  </system-out>
</testsuite> <!-- org.dwsapp.allproductstest.ProductTest -->
